#
# A fatal error has been detected by the Java Runtime Environment:
#
#  SIGSEGV (0xb) at pc=0x00007f4ea1dff3f7, pid=16106, tid=139975713310464
#
# JRE version: 6.0_24-b24
# Java VM: OpenJDK 64-Bit Server VM (20.0-b12 mixed mode linux-amd64 compressed oops)
# Derivative: IcedTea6 1.11.4
# Distribution: Custom build (Sun Sep  2 09:46:00 UTC 2012)
# Problematic frame:
# C  [libc.so.6+0x12b3f7]  __memcpy_ssse3+0x1527
#
# If you would like to submit a bug report, please include
# instructions how to reproduce the bug and visit:
#   http://icedtea.classpath.org/bugzilla
# The crash happened outside the Java Virtual Machine in native code.
# See problematic frame for where to report the bug.
#

---------------  T H R E A D  ---------------

Current thread (0x00007f4e9c006800):  JavaThread "main" [_thread_in_native, id=16107, stack(0x00007f4ea29b4000,0x00007f4ea2ab5000)]

siginfo:si_signo=SIGSEGV: si_errno=0, si_code=2 (SEGV_ACCERR), si_addr=0x00007f4e8b770000

Registers:
RAX=0x00007f4e9c059af2, RBX=0x00007f4e8b76c7dd, RCX=0x0000000000004000, RDX=0x0000000000005c85
RSP=0x00007f4ea2ab1dd8, RBP=0x00007f4ea2ab1e30, RSI=0x00007f4e8b76ffcd, RDI=0x00007f4e9c05a340
R8 =0x00007f4e9c059af2, R9 =0x00007f4ea1dff3e0, R10=0x0000000000000000, R11=0x00007f4ea1e3fb60
R12=0x00007f4e9c0ad820, R13=0x0000000000006553, R14=0x0000000000002f74, R15=0x00007f4e9c0c44c0
RIP=0x00007f4ea1dff3f7, EFLAGS=0x0000000000010202, CSGSFS=0x0000000000000033, ERR=0x0000000000000004
  TRAPNO=0x000000000000000e

Top of Stack: (sp=0x00007f4ea2ab1dd8)
0x00007f4ea2ab1dd8:   00007f4e9bbefd71 00007f4ea2ab1e00
0x00007f4ea2ab1de8:   00007f4ea1871c2c 72767f4ea2ab1e10
0x00007f4ea2ab1df8:   0000000000002f74 0000000000000054
0x00007f4ea2ab1e08:   00007f4e9c0a9bf0 00007f4ea2ab1ea0
0x00007f4ea2ab1e18:   00007f4e60010690 00007f4e9c0a9720
0x00007f4ea2ab1e28:   00000000eaa9e219 00007f4ea2ab1e80
0x00007f4ea2ab1e38:   00007f4e9bbf0db6 00007f4e9c005340
0x00007f4ea2ab1e48:   000000139c005718 00007f4e9c006800
0x00007f4ea2ab1e58:   00007f4ea2ab2380 00007f4ea2ab1ea0
0x00007f4ea2ab1e68:   0000000000000013 00007f4e9c0069d0
0x00007f4ea2ab1e78:   00007f4ea2ab1ea0 00007f4ea2ab22e0
0x00007f4ea2ab1e88:   00007f4e9bbef48d 0000001301bec310
0x00007f4ea2ab1e98:   00007f4e9c0a9720 4f2f656c6361726f
0x00007f4ea2ab1ea8:   6c632e656c636172 00007f4e00737361
0x00007f4ea2ab1eb8:   00000000ec2de1d8 00000000ec2de1f8
0x00007f4ea2ab1ec8:   00000000ec2de288 00007f0000000007
0x00007f4ea2ab1ed8:   0000000000000000 0000000000000007
0x00007f4ea2ab1ee8:   0000000000000000 00007f4e9c007048
0x00007f4ea2ab1ef8:   00007f4e9c005890 00007f4ea2ab2300
0x00007f4ea2ab1f08:   00007f4ea15ba566 01007f4e00000400
0x00007f4ea2ab1f18:   00007f4e0000008c 00000000b9934448
0x00007f4ea2ab1f28:   00007f4e9c005890 00007f4e9c006fd8
0x00007f4ea2ab1f38:   00007f4e9c005718 00007f4e9c005340
0x00007f4ea2ab1f48:   00007f4e9c006800 01007f4e00000400
0x00007f4ea2ab1f58:   00007f4e9c005330 00007f4ea2ab39f0
0x00007f4ea2ab1f68:   00007f4e98bec438 00007f4e98bec310
0x00007f4ea2ab1f78:   0000000000000000 00007f4ea2ab3a70
0x00007f4ea2ab1f88:   00007f4ea2ab3a08 00007f4ea2ab3a70
0x00007f4ea2ab1f98:   00007f4ea2ab3a08 00007f4e9c007060
0x00007f4ea2ab1fa8:   00000000ec2dded8 00007f4ea2ab39f0
0x00007f4ea2ab1fb8:   00007f4e98bec438 00007f4e98bec310
0x00007f4ea2ab1fc8:   0000000000000000 00007f4ea2ab3a70 

Instructions: (pc=0x00007f4ea1dff3f7)
0x00007f4ea1dff3d7:   48 8d 52 c0 41 ff e1 0f 0b 0f 18 86 c0 01 00 00
0x00007f4ea1dff3e7:   48 83 ea 40 0f 28 56 03 0f 28 5e 13 0f 28 66 23
0x00007f4ea1dff3f7:   0f 28 6e 33 66 0f 6f f5 66 0f 3a 0f ec 0d 48 8d
0x00007f4ea1dff407:   76 40 66 0f 3a 0f e3 0d 66 0f 3a 0f da 0d 48 8d 

Register to memory mapping:

RAX=0x00007f4e9c059af2 is an unknown value
RBX=0x00007f4e8b76c7dd is an unknown value
RCX=0x0000000000004000 is an unknown value
RDX=0x0000000000005c85 is an unknown value
RSP=0x00007f4ea2ab1dd8 is pointing into the stack for thread: 0x00007f4e9c006800
RBP=0x00007f4ea2ab1e30 is pointing into the stack for thread: 0x00007f4e9c006800
RSI=0x00007f4e8b76ffcd is an unknown value
RDI=0x00007f4e9c05a340 is an unknown value
R8 =0x00007f4e9c059af2 is an unknown value
R9 =0x00007f4ea1dff3e0: <offset 0x12b3e0> in /usr/lib/libc.so.6 at 0x00007f4ea1cd4000
R10=0x0000000000000000 is an unknown value
R11=0x00007f4ea1e3fb60: <offset 0x16bb60> in /usr/lib/libc.so.6 at 0x00007f4ea1cd4000
R12=0x00007f4e9c0ad820 is an unknown value
R13=0x0000000000006553 is an unknown value
R14=0x0000000000002f74 is an unknown value
R15=0x00007f4e9c0c44c0 is an unknown value


Stack: [0x00007f4ea29b4000,0x00007f4ea2ab5000],  sp=0x00007f4ea2ab1dd8,  free space=1015k
Native frames: (J=compiled Java code, j=interpreted, Vv=VM code, C=native code)
C  [libc.so.6+0x12b3f7]  __memcpy_ssse3+0x1527
C  [libzip.so+0x4db6]  ZIP_GetEntry+0xb6
C  [libzip.so+0x348d]  Java_java_util_zip_ZipFile_getEntry+0xbd
j  java.util.zip.ZipFile.getEntry(JLjava/lang/String;Z)J+0
j  java.util.zip.ZipFile.getEntry(Ljava/lang/String;)Ljava/util/zip/ZipEntry;+31
j  java.util.jar.JarFile.getEntry(Ljava/lang/String;)Ljava/util/zip/ZipEntry;+2
j  java.util.jar.JarFile.getJarEntry(Ljava/lang/String;)Ljava/util/jar/JarEntry;+2
j  sun.misc.URLClassPath$JarLoader.getResource(Ljava/lang/String;Z)Lsun/misc/Resource;+48
j  sun.misc.URLClassPath.getResource(Ljava/lang/String;Z)Lsun/misc/Resource;+53
j  java.net.URLClassLoader$1.run()Ljava/lang/Object;+26
v  ~StubRoutines::call_stub
V  [libjvm.so+0x4bd247]  AsyncGetCallTrace+0xa3887
V  [libjvm.so+0x4bc665]  AsyncGetCallTrace+0xa2ca5
V  [libjvm.so+0x4f4b04]  JVM_DoPrivileged+0x274
j  java.security.AccessController.doPrivileged(Ljava/security/PrivilegedExceptionAction;Ljava/security/AccessControlContext;)Ljava/lang/Object;+0
j  java.net.URLClassLoader.findClass(Ljava/lang/String;)Ljava/lang/Class;+13
j  java.lang.ClassLoader.loadClass(Ljava/lang/String;Z)Ljava/lang/Class;+43
j  sun.misc.Launcher$AppClassLoader.loadClass(Ljava/lang/String;Z)Ljava/lang/Class;+36
j  java.lang.ClassLoader.loadClass(Ljava/lang/String;)Ljava/lang/Class;+3
v  ~StubRoutines::call_stub
V  [libjvm.so+0x4bd247]  AsyncGetCallTrace+0xa3887
V  [libjvm.so+0x4bc665]  AsyncGetCallTrace+0xa2ca5
V  [libjvm.so+0x4bcb52]  AsyncGetCallTrace+0xa3192
V  [libjvm.so+0x4bcc2b]  AsyncGetCallTrace+0xa326b
V  [libjvm.so+0x73149c]  JVM_handle_linux_signal+0xc8f4c
V  [libjvm.so+0x72fcc9]  JVM_handle_linux_signal+0xc7779
V  [libjvm.so+0x731aa3]  JVM_handle_linux_signal+0xc9553
V  [libjvm.so+0x3b9c5f]  __printf_chk+0x3b9c5f
V  [libjvm.so+0x3bac82]  __printf_chk+0x3bac82
V  [libjvm.so+0x5b124a]  JVM_FindSignal+0xab52a
V  [libjvm.so+0x5b58fa]  JVM_FindSignal+0xafbda
V  [libjvm.so+0x5b5b10]  JVM_FindSignal+0xafdf0
V  [libjvm.so+0x4b519d]  AsyncGetCallTrace+0x9b7dd
j  client.Client.main([Ljava/lang/String;)V+140
v  ~StubRoutines::call_stub
V  [libjvm.so+0x4bd247]  AsyncGetCallTrace+0xa3887
V  [libjvm.so+0x4bc665]  AsyncGetCallTrace+0xa2ca5
V  [libjvm.so+0x4d1c2b]  AsyncGetCallTrace+0xb826b
V  [libjvm.so+0x4d24bd]  AsyncGetCallTrace+0xb8afd
C  [java+0x3ef2]  JavaMain+0xe42

Java frames: (J=compiled Java code, j=interpreted, Vv=VM code)
j  java.util.zip.ZipFile.getEntry(JLjava/lang/String;Z)J+0
j  java.util.zip.ZipFile.getEntry(Ljava/lang/String;)Ljava/util/zip/ZipEntry;+31
j  java.util.jar.JarFile.getEntry(Ljava/lang/String;)Ljava/util/zip/ZipEntry;+2
j  java.util.jar.JarFile.getJarEntry(Ljava/lang/String;)Ljava/util/jar/JarEntry;+2
j  sun.misc.URLClassPath$JarLoader.getResource(Ljava/lang/String;Z)Lsun/misc/Resource;+48
j  sun.misc.URLClassPath.getResource(Ljava/lang/String;Z)Lsun/misc/Resource;+53
j  java.net.URLClassLoader$1.run()Ljava/lang/Object;+26
v  ~StubRoutines::call_stub
j  java.security.AccessController.doPrivileged(Ljava/security/PrivilegedExceptionAction;Ljava/security/AccessControlContext;)Ljava/lang/Object;+0
j  java.net.URLClassLoader.findClass(Ljava/lang/String;)Ljava/lang/Class;+13
j  java.lang.ClassLoader.loadClass(Ljava/lang/String;Z)Ljava/lang/Class;+43
j  sun.misc.Launcher$AppClassLoader.loadClass(Ljava/lang/String;Z)Ljava/lang/Class;+36
j  java.lang.ClassLoader.loadClass(Ljava/lang/String;)Ljava/lang/Class;+3
v  ~StubRoutines::call_stub
j  client.Client.main([Ljava/lang/String;)V+140
v  ~StubRoutines::call_stub

---------------  P R O C E S S  ---------------

Java Threads: ( => current thread )
  0x00007f4e6000e800 JavaThread "TimerQueue" daemon [_thread_blocked, id=16123, stack(0x00007f4e88c6c000,0x00007f4e88d6d000)]
  0x00007f4e9c2e8800 JavaThread "AWT-EventQueue-0" [_thread_blocked, id=16121, stack(0x00007f4e88d6d000,0x00007f4e88e6e000)]
  0x00007f4e9c23e800 JavaThread "AWT-Shutdown" [_thread_blocked, id=16120, stack(0x00007f4e8928b000,0x00007f4e8938c000)]
  0x00007f4e9c1e4800 JavaThread "AWT-XAWT" daemon [_thread_in_native, id=16119, stack(0x00007f4e8938c000,0x00007f4e8948d000)]
  0x00007f4e9c176800 JavaThread "Java2D Disposer" daemon [_thread_blocked, id=16118, stack(0x00007f4e8989e000,0x00007f4e8999f000)]
  0x00007f4e9c098800 JavaThread "Low Memory Detector" daemon [_thread_blocked, id=16116, stack(0x00007f4e8b871000,0x00007f4e8b972000)]
  0x00007f4e9c096800 JavaThread "C2 CompilerThread1" daemon [_thread_blocked, id=16115, stack(0x00007f4e8b972000,0x00007f4e8ba73000)]
  0x00007f4e9c093800 JavaThread "C2 CompilerThread0" daemon [_thread_blocked, id=16114, stack(0x00007f4e8ba73000,0x00007f4e8bb74000)]
  0x00007f4e9c085800 JavaThread "Signal Dispatcher" daemon [_thread_blocked, id=16113, stack(0x00007f4e8bb74000,0x00007f4e8bc75000)]
  0x00007f4e9c073000 JavaThread "Finalizer" daemon [_thread_blocked, id=16112, stack(0x00007f4e8bdfe000,0x00007f4e8beff000)]
  0x00007f4e9c071000 JavaThread "Reference Handler" daemon [_thread_blocked, id=16111, stack(0x00007f4e8beff000,0x00007f4e8c000000)]
=>0x00007f4e9c006800 JavaThread "main" [_thread_in_native, id=16107, stack(0x00007f4ea29b4000,0x00007f4ea2ab5000)]

Other Threads:
  0x00007f4e9c06a000 VMThread [stack: 0x00007f4e980a9000,0x00007f4e981aa000] [id=16110]
  0x00007f4e9c09b000 WatcherThread [stack: 0x00007f4e8b770000,0x00007f4e8b871000] [id=16117]

VM state:not at safepoint (normal execution)

VM Mutex/Monitor currently owned by a thread: None

Heap
 PSYoungGen      total 17984K, used 6187K [0x00000000ebeb0000, 0x00000000ed2c0000, 0x0000000100000000)
  eden space 15424K, 40% used [0x00000000ebeb0000,0x00000000ec4bac10,0x00000000ecdc0000)
  from space 2560K, 0% used [0x00000000ed040000,0x00000000ed040000,0x00000000ed2c0000)
  to   space 2560K, 0% used [0x00000000ecdc0000,0x00000000ecdc0000,0x00000000ed040000)
 PSOldGen        total 41152K, used 0K [0x00000000c3c00000, 0x00000000c6430000, 0x00000000ebeb0000)
  object space 41152K, 0% used [0x00000000c3c00000,0x00000000c3c00000,0x00000000c6430000)
 PSPermGen       total 21248K, used 15020K [0x00000000b9600000, 0x00000000baac0000, 0x00000000c3c00000)
  object space 21248K, 70% used [0x00000000b9600000,0x00000000ba4ab078,0x00000000baac0000)

Code Cache  [0x00007f4e98bec000, 0x00007f4e98e5c000, 0x00007f4e9bbec000)
 total_blobs=500 nmethods=44 adapters=410 free_code_cache=49702016 largest_free_block=6464

Dynamic libraries:
00400000-00408000 r-xp 00000000 08:01 142846                             /usr/lib/jvm/java-6-openjdk/bin/java
00608000-00609000 rw-p 00008000 08:01 142846                             /usr/lib/jvm/java-6-openjdk/bin/java
02093000-020b4000 rw-p 00000000 00:00 0                                  [heap]
b9600000-baac0000 rw-p 00000000 00:00 0 
baac0000-c3c00000 rw-p 00000000 00:00 0 
c3c00000-c6430000 rw-p 00000000 00:00 0 
c6430000-ebeb0000 rw-p 00000000 00:00 0 
ebeb0000-ed2c0000 rw-p 00000000 00:00 0 
ed2c0000-100000000 rw-p 00000000 00:00 0 
7f4e5c000000-7f4e5c021000 rw-p 00000000 00:00 0 
7f4e5c021000-7f4e60000000 ---p 00000000 00:00 0 
7f4e60000000-7f4e601a4000 rw-p 00000000 00:00 0 
7f4e601a4000-7f4e64000000 ---p 00000000 00:00 0 
7f4e64000000-7f4e64021000 rw-p 00000000 00:00 0 
7f4e64021000-7f4e68000000 ---p 00000000 00:00 0 
7f4e68000000-7f4e68021000 rw-p 00000000 00:00 0 
7f4e68021000-7f4e6c000000 ---p 00000000 00:00 0 
7f4e6c000000-7f4e6c021000 rw-p 00000000 00:00 0 
7f4e6c021000-7f4e70000000 ---p 00000000 00:00 0 
7f4e70000000-7f4e70021000 rw-p 00000000 00:00 0 
7f4e70021000-7f4e74000000 ---p 00000000 00:00 0 
7f4e74000000-7f4e74323000 rw-p 00000000 00:00 0 
7f4e74323000-7f4e78000000 ---p 00000000 00:00 0 
7f4e78000000-7f4e782ee000 rw-p 00000000 00:00 0 
7f4e782ee000-7f4e7c000000 ---p 00000000 00:00 0 
7f4e7c000000-7f4e7c021000 rw-p 00000000 00:00 0 
7f4e7c021000-7f4e80000000 ---p 00000000 00:00 0 
7f4e80000000-7f4e80021000 rw-p 00000000 00:00 0 
7f4e80021000-7f4e84000000 ---p 00000000 00:00 0 
7f4e84000000-7f4e84021000 rw-p 00000000 00:00 0 
7f4e84021000-7f4e88000000 ---p 00000000 00:00 0 
7f4e88c6c000-7f4e88c6f000 ---p 00000000 00:00 0 
7f4e88c6f000-7f4e88d6d000 rw-p 00000000 00:00 0                          [stack:16123]
7f4e88d6d000-7f4e88d70000 ---p 00000000 00:00 0 
7f4e88d70000-7f4e88e6e000 rw-p 00000000 00:00 0                          [stack:16121]
7f4e88e6e000-7f4e88e76000 r-xp 00000000 08:01 142317                     /usr/lib/jvm/java-6-openjdk/jre/lib/amd64/libnio.so
7f4e88e76000-7f4e89075000 ---p 00008000 08:01 142317                     /usr/lib/jvm/java-6-openjdk/jre/lib/amd64/libnio.so
7f4e89075000-7f4e89076000 rw-p 00007000 08:01 142317                     /usr/lib/jvm/java-6-openjdk/jre/lib/amd64/libnio.so
7f4e89076000-7f4e8908a000 r-xp 00000000 08:01 142316                     /usr/lib/jvm/java-6-openjdk/jre/lib/amd64/libnet.so
7f4e8908a000-7f4e8928a000 ---p 00014000 08:01 142316                     /usr/lib/jvm/java-6-openjdk/jre/lib/amd64/libnet.so
7f4e8928a000-7f4e8928b000 rw-p 00014000 08:01 142316                     /usr/lib/jvm/java-6-openjdk/jre/lib/amd64/libnet.so
7f4e8928b000-7f4e8928e000 ---p 00000000 00:00 0 
7f4e8928e000-7f4e8938c000 rw-p 00000000 00:00 0                          [stack:16120]
7f4e8938c000-7f4e8938f000 ---p 00000000 00:00 0 
7f4e8938f000-7f4e8948d000 rw-p 00000000 00:00 0                          [stack:16119]
7f4e8948d000-7f4e89492000 r-xp 00000000 08:01 804646                     /usr/lib/libXfixes.so.3.1.0
7f4e89492000-7f4e89692000 ---p 00005000 08:01 804646                     /usr/lib/libXfixes.so.3.1.0
7f4e89692000-7f4e89693000 r--p 00005000 08:01 804646                     /usr/lib/libXfixes.so.3.1.0
7f4e89693000-7f4e89694000 rw-p 00006000 08:01 804646                     /usr/lib/libXfixes.so.3.1.0
7f4e89694000-7f4e8969d000 r-xp 00000000 08:01 804683                     /usr/lib/libXcursor.so.1.0.2
7f4e8969d000-7f4e8989c000 ---p 00009000 08:01 804683                     /usr/lib/libXcursor.so.1.0.2
7f4e8989c000-7f4e8989d000 r--p 00008000 08:01 804683                     /usr/lib/libXcursor.so.1.0.2
7f4e8989d000-7f4e8989e000 rw-p 00009000 08:01 804683                     /usr/lib/libXcursor.so.1.0.2
7f4e8989e000-7f4e898a1000 ---p 00000000 00:00 0 
7f4e898a1000-7f4e8999f000 rw-p 00000000 00:00 0                          [stack:16118]
7f4e8999f000-7f4e899ae000 r-xp 00000000 08:01 788072                     /usr/lib/libbz2.so.1.0.6
7f4e899ae000-7f4e89bad000 ---p 0000f000 08:01 788072                     /usr/lib/libbz2.so.1.0.6
7f4e89bad000-7f4e89baf000 rw-p 0000e000 08:01 788072                     /usr/lib/libbz2.so.1.0.6
7f4e89baf000-7f4e89c47000 r-xp 00000000 08:01 801532                     /usr/lib/libfreetype.so.6.9.0
7f4e89c47000-7f4e89e46000 ---p 00098000 08:01 801532                     /usr/lib/libfreetype.so.6.9.0
7f4e89e46000-7f4e89e4c000 r--p 00097000 08:01 801532                     /usr/lib/libfreetype.so.6.9.0
7f4e89e4c000-7f4e89e4d000 rw-p 0009d000 08:01 801532                     /usr/lib/libfreetype.so.6.9.0
7f4e89e4d000-7f4e89e87000 r-xp 00000000 08:01 142324                     /usr/lib/jvm/java-6-openjdk/jre/lib/amd64/libfontmanager.so
7f4e89e87000-7f4e8a086000 ---p 0003a000 08:01 142324                     /usr/lib/jvm/java-6-openjdk/jre/lib/amd64/libfontmanager.so
7f4e8a086000-7f4e8a088000 rw-p 00039000 08:01 142324                     /usr/lib/jvm/java-6-openjdk/jre/lib/amd64/libfontmanager.so
7f4e8a088000-7f4e8a089000 rw-p 00000000 00:00 0 
7f4e8a089000-7f4e8a08e000 r-xp 00000000 08:01 801729                     /usr/lib/libXdmcp.so.6.0.0
7f4e8a08e000-7f4e8a28d000 ---p 00005000 08:01 801729                     /usr/lib/libXdmcp.so.6.0.0
7f4e8a28d000-7f4e8a28e000 r--p 00004000 08:01 801729                     /usr/lib/libXdmcp.so.6.0.0
7f4e8a28e000-7f4e8a28f000 rw-p 00005000 08:01 801729                     /usr/lib/libXdmcp.so.6.0.0
7f4e8a28f000-7f4e8a291000 r-xp 00000000 08:01 801784                     /usr/lib/libXau.so.6.0.0
7f4e8a291000-7f4e8a491000 ---p 00002000 08:01 801784                     /usr/lib/libXau.so.6.0.0
7f4e8a491000-7f4e8a492000 r--p 00002000 08:01 801784                     /usr/lib/libXau.so.6.0.0
7f4e8a492000-7f4e8a493000 rw-p 00003000 08:01 801784                     /usr/lib/libXau.so.6.0.0
7f4e8a493000-7f4e8a4b0000 r-xp 00000000 08:01 801835                     /usr/lib/libxcb.so.1.1.0
7f4e8a4b0000-7f4e8a6b0000 ---p 0001d000 08:01 801835                     /usr/lib/libxcb.so.1.1.0
7f4e8a6b0000-7f4e8a6b1000 rw-p 0001d000 08:01 801835                     /usr/lib/libxcb.so.1.1.0
7f4e8a6b1000-7f4e8a6bf000 r-xp 00000000 08:01 803259                     /usr/lib/libXi.so.6.1.0
7f4e8a6bf000-7f4e8a8be000 ---p 0000e000 08:01 803259                     /usr/lib/libXi.so.6.1.0
7f4e8a8be000-7f4e8a8bf000 r--p 0000d000 08:01 803259                     /usr/lib/libXi.so.6.1.0
7f4e8a8bf000-7f4e8a8c0000 rw-p 0000e000 08:01 803259                     /usr/lib/libXi.so.6.1.0
7f4e8a8c0000-7f4e8a8c5000 r-xp 00000000 08:01 803282                     /usr/lib/libXtst.so.6.1.0
7f4e8a8c5000-7f4e8aac5000 ---p 00005000 08:01 803282                     /usr/lib/libXtst.so.6.1.0
7f4e8aac5000-7f4e8aac6000 r--p 00005000 08:01 803282                     /usr/lib/libXtst.so.6.1.0
7f4e8aac6000-7f4e8aac7000 rw-p 00006000 08:01 803282                     /usr/lib/libXtst.so.6.1.0
7f4e8aac7000-7f4e8aad1000 r-xp 00000000 08:01 803886                     /usr/lib/libXrender.so.1.3.0
7f4e8aad1000-7f4e8acd0000 ---p 0000a000 08:01 803886                     /usr/lib/libXrender.so.1.3.0
7f4e8acd0000-7f4e8acd1000 r--p 00009000 08:01 803886                     /usr/lib/libXrender.so.1.3.0
7f4e8acd1000-7f4e8acd2000 rw-p 0000a000 08:01 803886                     /usr/lib/libXrender.so.1.3.0
7f4e8acd2000-7f4e8ae05000 r-xp 00000000 08:01 802744                     /usr/lib/libX11.so.6.3.0
7f4e8ae05000-7f4e8b005000 ---p 00133000 08:01 802744                     /usr/lib/libX11.so.6.3.0
7f4e8b005000-7f4e8b006000 r--p 00133000 08:01 802744                     /usr/lib/libX11.so.6.3.0
7f4e8b006000-7f4e8b00b000 rw-p 00134000 08:01 802744                     /usr/lib/libX11.so.6.3.0
7f4e8b00b000-7f4e8b01d000 r-xp 00000000 08:01 803180                     /usr/lib/libXext.so.6.4.0
7f4e8b01d000-7f4e8b21c000 ---p 00012000 08:01 803180                     /usr/lib/libXext.so.6.4.0
7f4e8b21c000-7f4e8b21d000 r--p 00011000 08:01 803180                     /usr/lib/libXext.so.6.4.0
7f4e8b21d000-7f4e8b21e000 rw-p 00012000 08:01 803180                     /usr/lib/libXext.so.6.4.0
7f4e8b23a000-7f4e8b285000 r-xp 00000000 08:01 142354                     /usr/lib/jvm/java-6-openjdk/jre/lib/amd64/xawt/libmawt.so
7f4e8b285000-7f4e8b484000 ---p 0004b000 08:01 142354                     /usr/lib/jvm/java-6-openjdk/jre/lib/amd64/xawt/libmawt.so
7f4e8b484000-7f4e8b488000 rw-p 0004a000 08:01 142354                     /usr/lib/jvm/java-6-openjdk/jre/lib/amd64/xawt/libmawt.so
7f4e8b488000-7f4e8b489000 rw-p 00000000 00:00 0 
7f4e8b489000-7f4e8b537000 r-xp 00000000 08:01 142347                     /usr/lib/jvm/java-6-openjdk/jre/lib/amd64/libawt.so
7f4e8b537000-7f4e8b737000 ---p 000ae000 08:01 142347                     /usr/lib/jvm/java-6-openjdk/jre/lib/amd64/libawt.so
7f4e8b737000-7f4e8b743000 rw-p 000ae000 08:01 142347                     /usr/lib/jvm/java-6-openjdk/jre/lib/amd64/libawt.so
7f4e8b743000-7f4e8b767000 rw-p 00000000 00:00 0 
7f4e8b767000-7f4e8b76a000 r--s 0007d000 08:01 142275                     /usr/lib/jvm/java-6-openjdk/jre/lib/jsse.jar
7f4e8b76a000-7f4e8b76d000 r--s 00010000 08:03 4981007                    /home/joe/not_cs5414/Bank/client.jar
7f4e8b76d000-7f4e8b770000 r--s 00010000 08:03 4981007                    /home/joe/not_cs5414/Bank/client.jar
7f4e8b770000-7f4e8b771000 ---p 00000000 00:00 0 
7f4e8b771000-7f4e8b871000 rw-p 00000000 00:00 0                          [stack:16117]
7f4e8b871000-7f4e8b874000 ---p 00000000 00:00 0 
7f4e8b874000-7f4e8b972000 rw-p 00000000 00:00 0                          [stack:16116]
7f4e8b972000-7f4e8b975000 ---p 00000000 00:00 0 
7f4e8b975000-7f4e8ba73000 rw-p 00000000 00:00 0                          [stack:16115]
7f4e8ba73000-7f4e8ba76000 ---p 00000000 00:00 0 
7f4e8ba76000-7f4e8bb74000 rw-p 00000000 00:00 0                          [stack:16114]
7f4e8bb74000-7f4e8bb77000 ---p 00000000 00:00 0 
7f4e8bb77000-7f4e8bc75000 rw-p 00000000 00:00 0                          [stack:16113]
7f4e8bc75000-7f4e8bdfe000 r--p 00000000 08:01 790945                     /usr/lib/locale/locale-archive
7f4e8bdfe000-7f4e8be01000 ---p 00000000 00:00 0 
7f4e8be01000-7f4e8beff000 rw-p 00000000 00:00 0                          [stack:16112]
7f4e8beff000-7f4e8bf02000 ---p 00000000 00:00 0 
7f4e8bf02000-7f4e8c000000 rw-p 00000000 00:00 0                          [stack:16111]
7f4e8c000000-7f4e8c021000 rw-p 00000000 00:00 0 
7f4e8c021000-7f4e90000000 ---p 00000000 00:00 0 
7f4e90000000-7f4e90021000 rw-p 00000000 00:00 0 
7f4e90021000-7f4e94000000 ---p 00000000 00:00 0 
7f4e94000000-7f4e94021000 rw-p 00000000 00:00 0 
7f4e94021000-7f4e98000000 ---p 00000000 00:00 0 
7f4e9805d000-7f4e98064000 r--s 000fb000 08:01 142282                     /usr/lib/jvm/java-6-openjdk/jre/lib/resources.jar
7f4e98064000-7f4e9807a000 r--s 00000000 08:01 1042960                    /var/cache/fontconfig/8d4af663993b81a124ee82e610bb31f9-le64.cache-3
7f4e9807a000-7f4e98093000 r--s 00000000 08:01 1042955                    /var/cache/fontconfig/f6b893a7224233d96cb72fd88691c0b4-le64.cache-3
7f4e98093000-7f4e980a9000 r--s 00000000 08:01 1042960                    /var/cache/fontconfig/8d4af663993b81a124ee82e610bb31f9-le64.cache-3
7f4e980a9000-7f4e980aa000 ---p 00000000 00:00 0 
7f4e980aa000-7f4e984e0000 rw-p 00000000 00:00 0                          [stack:16110]
7f4e984e0000-7f4e98672000 r--s 037bf000 08:01 142287                     /usr/lib/jvm/java-6-openjdk/jre/lib/rt.jar
7f4e98672000-7f4e98673000 ---p 00000000 00:00 0 
7f4e98673000-7f4e98773000 rw-p 00000000 00:00 0                          [stack:16109]
7f4e98773000-7f4e98774000 ---p 00000000 00:00 0 
7f4e98774000-7f4e98889000 rw-p 00000000 00:00 0                          [stack:16108]
7f4e98889000-7f4e989b6000 rw-p 00000000 00:00 0 
7f4e989b6000-7f4e989c1000 rw-p 00000000 00:00 0 
7f4e989c1000-7f4e98a09000 rw-p 00000000 00:00 0 
7f4e98a09000-7f4e98a1e000 rw-p 00000000 00:00 0 
7f4e98a1e000-7f4e98b4a000 rw-p 00000000 00:00 0 
7f4e98b4a000-7f4e98b55000 rw-p 00000000 00:00 0 
7f4e98b55000-7f4e98beb000 rw-p 00000000 00:00 0 
7f4e98beb000-7f4e98bec000 rw-p 00000000 00:00 0 
7f4e98bec000-7f4e98e5c000 rwxp 00000000 00:00 0 
7f4e98e5c000-7f4e9bbec000 rw-p 00000000 00:00 0 
7f4e9bbec000-7f4e9bbf3000 r-xp 00000000 08:01 142326                     /usr/lib/jvm/java-6-openjdk/jre/lib/amd64/libzip.so
7f4e9bbf3000-7f4e9bdf2000 ---p 00007000 08:01 142326                     /usr/lib/jvm/java-6-openjdk/jre/lib/amd64/libzip.so
7f4e9bdf2000-7f4e9bdf3000 rw-p 00006000 08:01 142326                     /usr/lib/jvm/java-6-openjdk/jre/lib/amd64/libzip.so
7f4e9bdf3000-7f4e9bdff000 r-xp 00000000 08:01 785085                     /usr/lib/libnss_files-2.16.so
7f4e9bdff000-7f4e9bffe000 ---p 0000c000 08:01 785085                     /usr/lib/libnss_files-2.16.so
7f4e9bffe000-7f4e9bfff000 r--p 0000b000 08:01 785085                     /usr/lib/libnss_files-2.16.so
7f4e9bfff000-7f4e9c000000 rw-p 0000c000 08:01 785085                     /usr/lib/libnss_files-2.16.so
7f4e9c000000-7f4e9c349000 rw-p 00000000 00:00 0 
7f4e9c349000-7f4ea0000000 ---p 00000000 00:00 0 
7f4ea0007000-7f4ea003a000 rw-p 00000000 00:00 0 
7f4ea003a000-7f4ea0082000 rw-p 00000000 00:00 0 
7f4ea0082000-7f4ea0097000 r-xp 00000000 08:01 785132                     /usr/lib/libnsl-2.16.so
7f4ea0097000-7f4ea0296000 ---p 00015000 08:01 785132                     /usr/lib/libnsl-2.16.so
7f4ea0296000-7f4ea0297000 r--p 00014000 08:01 785132                     /usr/lib/libnsl-2.16.so
7f4ea0297000-7f4ea0298000 rw-p 00015000 08:01 785132                     /usr/lib/libnsl-2.16.so
7f4ea0298000-7f4ea029a000 rw-p 00000000 00:00 0 
7f4ea029a000-7f4ea02c7000 r-xp 00000000 08:01 142335                     /usr/lib/jvm/java-6-openjdk/jre/lib/amd64/libjava.so
7f4ea02c7000-7f4ea04c6000 ---p 0002d000 08:01 142335                     /usr/lib/jvm/java-6-openjdk/jre/lib/amd64/libjava.so
7f4ea04c6000-7f4ea04ca000 rw-p 0002c000 08:01 142335                     /usr/lib/jvm/java-6-openjdk/jre/lib/amd64/libjava.so
7f4ea04ca000-7f4ea04d9000 r-xp 00000000 08:01 142322                     /usr/lib/jvm/java-6-openjdk/jre/lib/amd64/libverify.so
7f4ea04d9000-7f4ea06d8000 ---p 0000f000 08:01 142322                     /usr/lib/jvm/java-6-openjdk/jre/lib/amd64/libverify.so
7f4ea06d8000-7f4ea06da000 rw-p 0000e000 08:01 142322                     /usr/lib/jvm/java-6-openjdk/jre/lib/amd64/libverify.so
7f4ea06da000-7f4ea06e1000 r-xp 00000000 08:01 785084                     /usr/lib/librt-2.16.so
7f4ea06e1000-7f4ea08e0000 ---p 00007000 08:01 785084                     /usr/lib/librt-2.16.so
7f4ea08e0000-7f4ea08e1000 r--p 00006000 08:01 785084                     /usr/lib/librt-2.16.so
7f4ea08e1000-7f4ea08e2000 rw-p 00007000 08:01 785084                     /usr/lib/librt-2.16.so
7f4ea08e2000-7f4ea08f7000 r-xp 00000000 08:01 800197                     /usr/lib/libgcc_s.so.1
7f4ea08f7000-7f4ea0af6000 ---p 00015000 08:01 800197                     /usr/lib/libgcc_s.so.1
7f4ea0af6000-7f4ea0af7000 rw-p 00014000 08:01 800197                     /usr/lib/libgcc_s.so.1
7f4ea0af7000-7f4ea0bf0000 r-xp 00000000 08:01 785071                     /usr/lib/libm-2.16.so
7f4ea0bf0000-7f4ea0def000 ---p 000f9000 08:01 785071                     /usr/lib/libm-2.16.so
7f4ea0def000-7f4ea0df0000 r--p 000f8000 08:01 785071                     /usr/lib/libm-2.16.so
7f4ea0df0000-7f4ea0df1000 rw-p 000f9000 08:01 785071                     /usr/lib/libm-2.16.so
7f4ea0df1000-7f4ea0ed6000 r-xp 00000000 08:01 800201                     /usr/lib/libstdc++.so.6.0.17
7f4ea0ed6000-7f4ea10d5000 ---p 000e5000 08:01 800201                     /usr/lib/libstdc++.so.6.0.17
7f4ea10d5000-7f4ea10dd000 r--p 000e4000 08:01 800201                     /usr/lib/libstdc++.so.6.0.17
7f4ea10dd000-7f4ea10df000 rw-p 000ec000 08:01 800201                     /usr/lib/libstdc++.so.6.0.17
7f4ea10df000-7f4ea10f4000 rw-p 00000000 00:00 0 
7f4ea10f4000-7f4ea1a10000 r-xp 00000000 08:01 142350                     /usr/lib/jvm/java-6-openjdk/jre/lib/amd64/server/libjvm.so
7f4ea1a10000-7f4ea1c0f000 ---p 0091c000 08:01 142350                     /usr/lib/jvm/java-6-openjdk/jre/lib/amd64/server/libjvm.so
7f4ea1c0f000-7f4ea1cab000 rw-p 0091b000 08:01 142350                     /usr/lib/jvm/java-6-openjdk/jre/lib/amd64/server/libjvm.so
7f4ea1cab000-7f4ea1cd4000 rw-p 00000000 00:00 0 
7f4ea1cd4000-7f4ea1e72000 r-xp 00000000 08:01 785089                     /usr/lib/libc-2.16.so
7f4ea1e72000-7f4ea2071000 ---p 0019e000 08:01 785089                     /usr/lib/libc-2.16.so
7f4ea2071000-7f4ea2075000 r--p 0019d000 08:01 785089                     /usr/lib/libc-2.16.so
7f4ea2075000-7f4ea2077000 rw-p 001a1000 08:01 785089                     /usr/lib/libc-2.16.so
7f4ea2077000-7f4ea207b000 rw-p 00000000 00:00 0 
7f4ea207b000-7f4ea207e000 r-xp 00000000 08:01 785104                     /usr/lib/libdl-2.16.so
7f4ea207e000-7f4ea227d000 ---p 00003000 08:01 785104                     /usr/lib/libdl-2.16.so
7f4ea227d000-7f4ea227e000 r--p 00002000 08:01 785104                     /usr/lib/libdl-2.16.so
7f4ea227e000-7f4ea227f000 rw-p 00003000 08:01 785104                     /usr/lib/libdl-2.16.so
7f4ea227f000-7f4ea2283000 r-xp 00000000 08:01 142355                     /usr/lib/jvm/java-6-openjdk/jre/lib/amd64/jli/libjli.so
7f4ea2283000-7f4ea2482000 ---p 00004000 08:01 142355                     /usr/lib/jvm/java-6-openjdk/jre/lib/amd64/jli/libjli.so
7f4ea2482000-7f4ea2483000 rw-p 00003000 08:01 142355                     /usr/lib/jvm/java-6-openjdk/jre/lib/amd64/jli/libjli.so
7f4ea2483000-7f4ea249a000 r-xp 00000000 08:01 785097                     /usr/lib/libpthread-2.16.so
7f4ea249a000-7f4ea2699000 ---p 00017000 08:01 785097                     /usr/lib/libpthread-2.16.so
7f4ea2699000-7f4ea269a000 r--p 00016000 08:01 785097                     /usr/lib/libpthread-2.16.so
7f4ea269a000-7f4ea269b000 rw-p 00017000 08:01 785097                     /usr/lib/libpthread-2.16.so
7f4ea269b000-7f4ea269f000 rw-p 00000000 00:00 0 
7f4ea269f000-7f4ea26b4000 r-xp 00000000 08:01 788150                     /usr/lib/libz.so.1.2.7
7f4ea26b4000-7f4ea28b3000 ---p 00015000 08:01 788150                     /usr/lib/libz.so.1.2.7
7f4ea28b3000-7f4ea28b4000 r--p 00014000 08:01 788150                     /usr/lib/libz.so.1.2.7
7f4ea28b4000-7f4ea28b5000 rw-p 00015000 08:01 788150                     /usr/lib/libz.so.1.2.7
7f4ea28b5000-7f4ea28d6000 r-xp 00000000 08:01 785133                     /usr/lib/ld-2.16.so
7f4ea28db000-7f4ea28f4000 r--s 00000000 08:01 1042955                    /var/cache/fontconfig/f6b893a7224233d96cb72fd88691c0b4-le64.cache-3
7f4ea28f4000-7f4ea28fe000 rw-p 00000000 00:00 0 
7f4ea28fe000-7f4ea29b4000 rw-p 00000000 00:00 0 
7f4ea29b4000-7f4ea29b7000 ---p 00000000 00:00 0 
7f4ea29b7000-7f4ea2ab9000 rw-p 00000000 00:00 0                          [stack:16107]
7f4ea2ac7000-7f4ea2ac9000 r--s 00000000 08:01 1042963                    /var/cache/fontconfig/699564f050ff7e0f9dae359f33bc56a5-le64.cache-3
7f4ea2ac9000-7f4ea2acb000 r--s 00000000 08:01 1042963                    /var/cache/fontconfig/699564f050ff7e0f9dae359f33bc56a5-le64.cache-3
7f4ea2acb000-7f4ea2ad3000 rw-s 00000000 00:11 356738                     /tmp/hsperfdata_joe/16106
7f4ea2ad3000-7f4ea2ad4000 rw-p 00000000 00:00 0 
7f4ea2ad4000-7f4ea2ad5000 r--p 00000000 00:00 0 
7f4ea2ad5000-7f4ea2ad6000 rw-p 00000000 00:00 0 
7f4ea2ad6000-7f4ea2ad7000 r--p 00021000 08:01 785133                     /usr/lib/ld-2.16.so
7f4ea2ad7000-7f4ea2ad8000 rw-p 00022000 08:01 785133                     /usr/lib/ld-2.16.so
7f4ea2ad8000-7f4ea2ad9000 rw-p 00000000 00:00 0 
7fffed6af000-7fffed6e4000 rw-p 00000000 00:00 0                          [stack]
7fffed7b5000-7fffed7b6000 r-xp 00000000 00:00 0                          [vdso]
ffffffffff600000-ffffffffff601000 r-xp 00000000 00:00 0                  [vsyscall]

VM Arguments:
java_command: client.jar 01
Launcher Type: SUN_STANDARD

Environment Variables:
JAVA_HOME=/usr/lib/jvm/java-6-openjdk
PATH=/usr/local/bin:/usr/bin:/bin:/usr/local/sbin:/usr/sbin:/sbin:/opt/android-sdk/platform-tools:/opt/android-sdk/tools:/usr/bin/core_perl:/home/joe/android-sdk-linux/tools:/home/joe/android-sdk-linux/platform-tools
LD_LIBRARY_PATH=/usr/lib/jvm/java-6-openjdk/jre/lib/amd64/server:/usr/lib/jvm/java-6-openjdk/jre/lib/amd64:/usr/lib/jvm/java-6-openjdk/jre/../lib/amd64
SHELL=/bin/bash
DISPLAY=:0

Signal Handlers:
SIGSEGV: [libjvm.so+0x797e50], sa_mask[0]=0x7ffbfeff, sa_flags=0x10000004
SIGBUS: [libjvm.so+0x797e50], sa_mask[0]=0x7ffbfeff, sa_flags=0x10000004
SIGFPE: [libjvm.so+0x65fa60], sa_mask[0]=0x7ffbfeff, sa_flags=0x10000004
SIGPIPE: [libjvm.so+0x65fa60], sa_mask[0]=0x7ffbfeff, sa_flags=0x10000004
SIGXFSZ: [libjvm.so+0x65fa60], sa_mask[0]=0x7ffbfeff, sa_flags=0x10000004
SIGILL: [libjvm.so+0x65fa60], sa_mask[0]=0x7ffbfeff, sa_flags=0x10000004
SIGUSR1: SIG_DFL, sa_mask[0]=0x00000000, sa_flags=0x00000000
SIGUSR2: [libjvm.so+0x65fc20], sa_mask[0]=0x00000000, sa_flags=0x10000004
SIGHUP: [libjvm.so+0x662580], sa_mask[0]=0x7ffbfeff, sa_flags=0x10000004
SIGINT: [libjvm.so+0x662580], sa_mask[0]=0x7ffbfeff, sa_flags=0x10000004
SIGTERM: [libjvm.so+0x662580], sa_mask[0]=0x7ffbfeff, sa_flags=0x10000004
SIGQUIT: [libjvm.so+0x662580], sa_mask[0]=0x7ffbfeff, sa_flags=0x10000004


---------------  S Y S T E M  ---------------

OS:Linux
uname:Linux 3.5.5-1-ARCH #1 SMP PREEMPT Tue Oct 2 22:30:55 CEST 2012 x86_64
libc:glibc 2.16 NPTL 2.16 
rlimit: STACK 8192k, CORE 0k, NPROC 30793, NOFILE 4096, AS infinity
load average:0.27 0.14 0.14

/proc/meminfo:
MemTotal:        3947352 kB
MemFree:         2565996 kB
Buffers:           70648 kB
Cached:           511812 kB
SwapCached:            0 kB
Active:           821792 kB
Inactive:         419836 kB
Active(anon):     660096 kB
Inactive(anon):   114020 kB
Active(file):     161696 kB
Inactive(file):   305816 kB
Unevictable:           0 kB
Mlocked:               0 kB
SwapTotal:             0 kB
SwapFree:              0 kB
Dirty:               160 kB
Writeback:             0 kB
AnonPages:        683956 kB
Mapped:            87964 kB
Shmem:            114860 kB
Slab:              57244 kB
SReclaimable:      40780 kB
SUnreclaim:        16464 kB
KernelStack:        2344 kB
PageTables:        14480 kB
NFS_Unstable:          0 kB
Bounce:                0 kB
WritebackTmp:          0 kB
CommitLimit:     1973676 kB
Committed_AS:    1779676 kB
VmallocTotal:   34359738367 kB
VmallocUsed:      371284 kB
VmallocChunk:   34359301323 kB
HardwareCorrupted:     0 kB
AnonHugePages:    294912 kB
HugePages_Total:       0
HugePages_Free:        0
HugePages_Rsvd:        0
HugePages_Surp:        0
Hugepagesize:       2048 kB
DirectMap4k:       10240 kB
DirectMap2M:     3033088 kB


CPU:total 2 (2 cores per cpu, 1 threads per core) family 6 model 23 stepping 10, cmov, cx8, fxsr, mmx, sse, sse2, sse3, ssse3, sse4.1

Memory: 4k page, physical 3947352k(2565996k free), swap 0k(0k free)

vm_info: OpenJDK 64-Bit Server VM (20.0-b12) for linux-amd64 JRE (1.6.0_24-b24), built on Sep  2 2012 09:50:31 by "nobody" with gcc 4.7.1 20120721 (prerelease)

time: Thu Nov  8 19:38:42 2012
elapsed time: 45 seconds

